[    9736ms] [WARNING] Image with src "/images/slides/gyber-experiment-slide.jpg" is using quality "70" which is not configured in images.qualities. This config will be required starting in Next.js 16.
Read more: https://nextjs.org/docs/messages/next-image-unconfigured-qualities @ webpack-internal:///(app-pages-browser)/./node_modules/next/dist/shared/lib/utils/warn-once.js:15
[   10285ms] Error: Hydration failed because the server rendered HTML didn't match the client. As a result this tree will be regenerated on the client. This can happen if a SSR-ed Client Component used:

- A server/client branch `if (typeof window !== 'undefined')`.
- Variable input such as `Date.now()` or `Math.random()` which changes each time it's called.
- Date formatting in a user's locale which doesn't match the server.
- External changing data without sending a snapshot of it along with the HTML.
- Invalid HTML tag nesting.

It can also happen if the client has a browser extension installed which messes with the HTML before React loaded.

https://react.dev/link/hydration-mismatch

  ...
    <RedirectErrorBoundary router={{...}}>
      <InnerLayoutRouter url="/experiment" tree={[...]} cacheNode={{lazyData:null, ...}} segmentPath={[...]}>
        <SegmentViewNode type="page" pagePath="experiment...">
          <SegmentTrieNode>
          <GyberExperiment>
            <Slider>
            <div>
            <GyberExperiment>
              <Container>
                <div className="Container_...">
                  <Roadmap>
                    <div className="Roadmap_Ro...">
                      ...
                        <div className="RoadmapCar...">
                          <motion.div initial="initialLaptop" whileInView="viewLaptop" variants={{...}} ...>
                            <div style={{width:"100%", ...}} ref={function useMotionRef.useCallback}>
                              <StartItem>
                              <NextPeriodItem className="RoadmapCar..." color="#71B7FF">
                                <svg
+                                 className="RoadmapCard_svgItem__5hHI_ RoadmapCard_Next__mIkii"
-                                 className="RoadmapCard_svgItem__5hHI_ RoadmapCard_Start__5lU1p"
                                  color="#71B7FF"
+                                 width="6"
-                                 width="572"
+                                 height="50"
-                                 height="193"
+                                 viewBox="0 0 6 50"
-                                 viewBox="0 0 572 193"
                                  fill="none"
                                  xmlns="http://www.w3.org/2000/svg"
                                >
                                  <motion.line x1="0" y1="0" x2="0" y2="50" stroke="#71B7FF" strokeWidth="6" ...>
+                                   <line
+                                     x1="0"
+                                     y1="0"
+                                     x2="0"
+                                     y2="50"
+                                     stroke="#71B7FF"
+                                     strokeWidth="6"
+                                     pathLength={1}
+                                     strokeDashoffset="0px"
+                                     strokeDasharray="0px 1px"
+                                     style={{}}
+                                     ref={function useMotionRef.useCallback}
+                                   >
-                                   <path
-                                     d="M115.167 190.199L55.6667 190.169L2 135.586V57.869L56.25 2.99475C56.25 2.99475..."
-                                     stroke="#71B7FF"
-                                     stroke-width="4"
-                                     pathLength="1"
-                                     stroke-dashoffset="0px"
-                                     stroke-dasharray="0px 1px"
-                                   >
                              ...
                      ...
            ...
        ...
      ...

    at throwOnHydrationMismatch (webpack-internal:///(app-pages-browser)/./node_modules/next/dist/compiled/react-dom/cjs/react-dom-client.development.js:4506:11)
    at beginWork (webpack-internal:///(app-pages-browser)/./node_modules/next/dist/compiled/react-dom/cjs/react-dom-client.development.js:11107:17)
    at runWithFiberInDEV (webpack-internal:///(app-pages-browser)/./node_modules/next/dist/compiled/react-dom/cjs/react-dom-client.development.js:872:30)
    at performUnitOfWork (webpack-internal:///(app-pages-browser)/./node_modules/next/dist/compiled/react-dom/cjs/react-dom-client.development.js:15727:22)
    at workLoopConcurrentByScheduler (webpack-internal:///(app-pages-browser)/./node_modules/next/dist/compiled/react-dom/cjs/react-dom-client.development.js:15721:9)
    at renderRootConcurrent (webpack-internal:///(app-pages-browser)/./node_modules/next/dist/compiled/react-dom/cjs/react-dom-client.development.js:15696:15)
    at performWorkOnRoot (webpack-internal:///(app-pages-browser)/./node_modules/next/dist/compiled/react-dom/cjs/react-dom-client.development.js:14990:13)
    at performWorkOnRootViaSchedulerTask (webpack-internal:///(app-pages-browser)/./node_modules/next/dist/compiled/react-dom/cjs/react-dom-client.development.js:16816:7)
    at MessagePort.performWorkUntilDeadline (webpack-internal:///(app-pages-browser)/./node_modules/next/dist/compiled/scheduler/cjs/scheduler.development.js:45:48)
[   10055ms] [WARNING] Image with src "/images/slides/gyber-experiment-slide.jpg" has "fill" and parent element with invalid "position". Provided "static" should be one of absolute,fixed,relative. @ webpack-internal:///(app-pages-browser)/./node_modules/next/dist/shared/lib/utils/warn-once.js:15
[   13969ms] [WARNING] Lit is in dev mode. Not recommended for production! See https://lit.dev/msg/dev-mode for more information. @ webpack-internal:///(app-pages-browser)/./node_modules/@lit/reactive-element/development/reactive-element.js:62
