[    7680ms] [ERROR] A tree hydrated but some attributes of the server rendered HTML didn't match the client properties. This won't be patched up. This can happen if a SSR-ed Client Component used:

- A server/client branch `if (typeof window !== 'undefined')`.
- Variable input such as `Date.now()` or `Math.random()` which changes each time it's called.
- Date formatting in a user's locale which doesn't match the server.
- External changing data without sending a snapshot of it along with the HTML.
- Invalid HTML tag nesting.

It can also happen if the client has a browser extension installed which messes with the HTML before React loaded.

%s%s https://react.dev/link/hydration-mismatch 

  ...
    <TransactionStoreProvider>
      <ShowBalanceProvider>
        <ModalProvider>
          <div data-rk="">
            <style>
            <AppContent>
              <GlobalAnimatedBackground>
              <ClientHeader>
              <AppContent>
                <NavbarEnhanced>
                  <motion.div className="Navbar-Enh..." variants={{hidden:{...}, ...}} initial={false} animate="visible">
                    <div
                      className="Navbar-Enhanced_Navbar__xeh4b"
+                     style={{opacity:1}}
-                     style={{opacity:"0"}}
                      ref={function useMotionRef.useCallback}
                    >
                      <motion.div className="Navbar-Enh..." initial={false} animate={{scaleX:1,opacity:1}} ...>
                        <div
                          className="Navbar-Enhanced_gradientLine__FAAzJ"
+                         style={{opacity:1,transform:"none"}}
-                         style={{opacity:"0",transform:"scaleX(0)"}}
                          ref={function useMotionRef.useCallback}
                        >
                      <motion.div variants={{...}} whileHover={{scale:1.05,y:-2, ...}} whileTap={{scale:0.95}}>
                        <div
                          tabIndex={0}
                          style={{
+                           opacity: 1
-                           opacity: "0"
+                           filter: "blur(0px)"
-                           filter: "blur(4px)"
+                           transform: "none"
-                           transform: "translateY(-20px) scale(0.8)"
                          }}
                          ref={function useMotionRef.useCallback}
                        >
                      <motion.div variants={{...}} whileHover={{scale:1.05,y:-2, ...}} whileTap={{scale:0.95}}>
                        <div
                          tabIndex={0}
                          style={{
+                           opacity: 1
-                           opacity: "0"
+                           filter: "blur(0px)"
-                           filter: "blur(4px)"
+                           transform: "none"
-                           transform: "translateY(-20px) scale(0.8)"
                          }}
                          ref={function useMotionRef.useCallback}
                        >
                      <motion.div variants={{...}} whileHover={{scale:1.05,y:-2, ...}} whileTap={{scale:0.95}}>
                        <div
                          tabIndex={0}
                          style={{
+                           opacity: 1
-                           opacity: "0"
+                           filter: "blur(0px)"
-                           filter: "blur(4px)"
+                           transform: "none"
-                           transform: "translateY(-20px) scale(0.8)"
                          }}
                          ref={function useMotionRef.useCallback}
                        >
                      <motion.div variants={{...}} whileHover={{scale:1.05,y:-2, ...}} whileTap={{scale:0.95}}>
                        <div
                          tabIndex={0}
                          style={{
+                           opacity: 1
-                           opacity: "0"
+                           filter: "blur(0px)"
-                           filter: "blur(4px)"
+                           transform: "none"
-                           transform: "translateY(-20px) scale(0.8)"
                          }}
                          ref={function useMotionRef.useCallback}
                        >
                      <motion.div variants={{...}} whileHover={{scale:1.05,y:-2, ...}} whileTap={{scale:0.95}}>
                        <div
                          tabIndex={0}
                          style={{
+                           opacity: 1
-                           opacity: "0"
+                           filter: "blur(0px)"
-                           filter: "blur(4px)"
+                           transform: "none"
-                           transform: "translateY(-20px) scale(0.8)"
                          }}
                          ref={function useMotionRef.useCallback}
                        >
                      <motion.div variants={{...}} whileHover={{scale:1.05,y:-2, ...}} whileTap={{scale:0.95}}>
                        <div
                          tabIndex={0}
                          style={{
+                           opacity: 1
-                           opacity: "0"
+                           filter: "blur(0px)"
-                           filter: "blur(4px)"
+                           transform: "none"
-                           transform: "translateY(-20px) scale(0.8)"
                          }}
                          ref={function useMotionRef.useCallback}
                        >
              ...
          ...
 @ webpack-internal:///(app-pages-browser)/./node_modules/.pnpm/next@15.5.7_@babel+core@7.28.5_react-dom@19.2.1_react@19.2.1__react@19.2.1_sass@1.94.2/node_modules/next/dist/next-devtools/userspace/app/errors/intercept-console-error.js:56
[    8230ms] [WARNING] ./node_modules/.pnpm/@metamask+sdk@0.33.1_bufferutil@4.0.9_encoding@0.1.13_utf-8-validate@5.0.10/node_modules/@metamask/sdk/dist/browser/es/metamask-sdk.js
Module not found: Can't resolve '@react-native-async-storage/async-storage' in '/Users/Gyber/GYBERNATY-ECOSYSTEM/CYBER-SOCIAL-CORPORATION/DSP/node_modules/.pnpm/@metamask+sdk@0.33.1_bufferutil@4.0.9_encoding@0.1.13_utf-8-validate@5.0.10/node_modules/@metamask/sdk/dist/browser/es' @ webpack-internal:///(app-pages-browser)/./node_modules/.pnpm/next@15.5.7_@babel+core@7.28.5_react-dom@19.2.1_react@19.2.1__react@19.2.1_sass@1.94.2/node_modules/next/dist/client/dev/hot-reloader/app/hot-reloader-app.js:241
[    9008ms] [WARNING] Lit is in dev mode. Not recommended for production! See https://lit.dev/msg/dev-mode for more information. @ webpack-internal:///(app-pages-browser)/./node_modules/.pnpm/@lit+reactive-element@2.1.1/node_modules/@lit/reactive-element/development/reactive-element.js:62
[   16954ms] [ERROR] Failed to load resource: net::ERR_EMPTY_RESPONSE @ http://localhost:3000/_next/image?url=%2Fimages%2Ficons%2Fflying%2Fcrypto%2Fpolkadot.svg&w=96&q=75:0
[   16956ms] [WARNING] SafeImage: Failed to load /images/icons/flying/crypto/polkadot.svg, using fallback @ webpack-internal:///(app-pages-browser)/./src/shared/ui/SafeImage/SafeImage.tsx:19
[   16957ms] [ERROR] Failed to load resource: net::ERR_CONNECTION_REFUSED @ http://localhost:3000/_next/image?url=%2Fimages%2Ficons%2Fflying%2Fcrypto%2Ftoncoin.svg&w=96&q=75:0
[   16958ms] [ERROR] Failed to load resource: net::ERR_CONNECTION_REFUSED @ http://localhost:3000/favicon.ico:0
[   16960ms] [WARNING] SafeImage: Failed to load /images/icons/flying/crypto/toncoin.svg, using fallback @ webpack-internal:///(app-pages-browser)/./src/shared/ui/SafeImage/SafeImage.tsx:19
[   16963ms] [ERROR] Failed to load resource: net::ERR_CONNECTION_REFUSED @ http://localhost:3000/_next/image?url=%2Fimages%2Fteams%2Fmember-placeholder.png&w=96&q=75:0
[   35568ms] [ERROR] Failed to load resource: the server responded with a status of 400 (Bad Request) @ http://localhost:3000/_next/image?url=%2Fimages%2Ficons%2Fflying%2Fcrypto%2Fethereum.svg&w=64&q=75:0
[   35569ms] [WARNING] SafeImage: Failed to load /images/icons/flying/crypto/ethereum.svg, using fallback @ webpack-internal:///(app-pages-browser)/./src/shared/ui/SafeImage/SafeImage.tsx:19
[   55724ms] [ERROR] Failed to load resource: the server responded with a status of 400 (Bad Request) @ http://localhost:3000/_next/image?url=%2Fimages%2Ficons%2Fflying%2Fcrypto%2Fethereum.svg&w=96&q=75:0
[   55725ms] [WARNING] SafeImage: Failed to load /images/icons/flying/crypto/ethereum.svg, using fallback @ webpack-internal:///(app-pages-browser)/./src/shared/ui/SafeImage/SafeImage.tsx:19
[   58727ms] [ERROR] Failed to load resource: the server responded with a status of 400 (Bad Request) @ http://localhost:3000/_next/image?url=%2Fimages%2Ficons%2Fflying%2Fcrypto%2Fethereum.svg&w=64&q=75:0
[   58728ms] [WARNING] SafeImage: Failed to load /images/icons/flying/crypto/ethereum.svg, using fallback @ webpack-internal:///(app-pages-browser)/./src/shared/ui/SafeImage/SafeImage.tsx:19
[   85726ms] [ERROR] Failed to load resource: the server responded with a status of 400 (Bad Request) @ http://localhost:3000/_next/image?url=%2Fimages%2Ficons%2Fflying%2Fcrypto%2Fethereum.svg&w=48&q=75:0
[   85727ms] [WARNING] SafeImage: Failed to load /images/icons/flying/crypto/ethereum.svg, using fallback @ webpack-internal:///(app-pages-browser)/./src/shared/ui/SafeImage/SafeImage.tsx:19
